0 info it worked if it ends with ok
1 verbose cli [ '/Users/mathieuancelin/tools/homebrew/Cellar/node/6.6.0/bin/node',
1 verbose cli   '/Users/mathieuancelin/tools/homebrew/bin/npm',
1 verbose cli   'start' ]
2 info using npm@3.10.7
3 info using node@v6.6.0
4 verbose run-script [ 'prestart', 'start', 'poststart' ]
5 info lifecycle ram-app@1.0.0~prestart: ram-app@1.0.0
6 silly lifecycle ram-app@1.0.0~prestart: no script for prestart, continuing
7 info lifecycle ram-app@1.0.0~start: ram-app@1.0.0
8 verbose lifecycle ram-app@1.0.0~start: unsafe-perm in lifecycle true
9 verbose lifecycle ram-app@1.0.0~start: PATH: /Users/mathieuancelin/tools/homebrew/lib/node_modules/npm/bin/node-gyp-bin:/Users/mathieuancelin/Dropbox/current-projects/the-ram-project/javascript/node_modules/.bin:/Users/mathieuancelin/tools/homebrew/Cellar/node/6.6.0/bin:/Users/mathieuancelin/.opam/4.02.3/bin:/Users/mathieuancelin/tools/homebrew/bin:/Users/mathieuancelin/tools/scala-2.10.2/bin:/Users/mathieuancelin/tools/activator-1.3.5:/Users/mathieuancelin/tools/play-2.2.2:/Users/mathieuancelin/tools/play-2.2.1:/Users/mathieuancelin/tools/play-2.2.0:/Users/mathieuancelin/tools/play-1.4.1:/Users/mathieuancelin/tools/apache-maven/bin:/Users/mathieuancelin/bin:/usr/local/bin:/usr/bin:/bin:/usr/sbin:/sbin:/Users/mathieuancelin/apps/homebrew-cask/bin:/Users/mathieuancelin/tools/homebrew-cask/bin:/Users/mathieuancelin/tools/spring-boot-cli-1.3.3/bin:/Users/mathieuancelin/Dropbox/go/bin:/Users/mathieuancelin/Library/Android/sdk/tools:/Users/mathieuancelin/Library/Android/sdk/platform-tools
10 verbose lifecycle ram-app@1.0.0~start: CWD: /Users/mathieuancelin/Dropbox/current-projects/the-ram-project/javascript
11 silly lifecycle ram-app@1.0.0~start: Args: [ '-c', 'NODE_ENV=dev webpack-dev-server -d --colors --inline' ]
12 silly lifecycle ram-app@1.0.0~start: Returned: code: 1  signal: null
13 info lifecycle ram-app@1.0.0~start: Failed to exec start script
14 verbose stack Error: ram-app@1.0.0 start: `NODE_ENV=dev webpack-dev-server -d --colors --inline`
14 verbose stack Exit status 1
14 verbose stack     at EventEmitter.<anonymous> (/Users/mathieuancelin/tools/homebrew/lib/node_modules/npm/lib/utils/lifecycle.js:255:16)
14 verbose stack     at emitTwo (events.js:106:13)
14 verbose stack     at EventEmitter.emit (events.js:191:7)
14 verbose stack     at ChildProcess.<anonymous> (/Users/mathieuancelin/tools/homebrew/lib/node_modules/npm/lib/utils/spawn.js:40:14)
14 verbose stack     at emitTwo (events.js:106:13)
14 verbose stack     at ChildProcess.emit (events.js:191:7)
14 verbose stack     at maybeClose (internal/child_process.js:877:16)
14 verbose stack     at Process.ChildProcess._handle.onexit (internal/child_process.js:226:5)
15 verbose pkgid ram-app@1.0.0
16 verbose cwd /Users/mathieuancelin/Dropbox/current-projects/the-ram-project/javascript
17 error Darwin 15.6.0
18 error argv "/Users/mathieuancelin/tools/homebrew/Cellar/node/6.6.0/bin/node" "/Users/mathieuancelin/tools/homebrew/bin/npm" "start"
19 error node v6.6.0
20 error npm  v3.10.7
21 error code ELIFECYCLE
22 error ram-app@1.0.0 start: `NODE_ENV=dev webpack-dev-server -d --colors --inline`
22 error Exit status 1
23 error Failed at the ram-app@1.0.0 start script 'NODE_ENV=dev webpack-dev-server -d --colors --inline'.
23 error Make sure you have the latest version of node.js and npm installed.
23 error If you do, this is most likely a problem with the ram-app package,
23 error not with npm itself.
23 error Tell the author that this fails on your system:
23 error     NODE_ENV=dev webpack-dev-server -d --colors --inline
23 error You can get information on how to open an issue for this project with:
23 error     npm bugs ram-app
23 error Or if that isn't available, you can get their info via:
23 error     npm owner ls ram-app
23 error There is likely additional logging output above.
24 verbose exit [ 1, true ]
